[2019-06-30 16:06:17.453] [exthost] [info] extension host started
[2019-06-30 16:06:17.473] [exthost] [info] ExtensionService#_doActivateExtension vscode.debug-auto-launch {"startup":true,"activationEvent":"*"}
[2019-06-30 16:06:17.473] [exthost] [info] ExtensionService#loadCommonJSModule /private/var/folders/k5/5sfx4_wn3vb8v1jlf02n_2p80000gn/T/AppTranslocation/E761D36B-258F-4F05-B9EB-49288D294A73/d/Visual Studio Code.app/Contents/Resources/app/extensions/debug-auto-launch/dist/extension
[2019-06-30 16:06:17.478] [exthost] [info] ExtensionService#_doActivateExtension vscode.emmet {"startup":true,"activationEvent":"*"}
[2019-06-30 16:06:17.478] [exthost] [info] ExtensionService#loadCommonJSModule /private/var/folders/k5/5sfx4_wn3vb8v1jlf02n_2p80000gn/T/AppTranslocation/E761D36B-258F-4F05-B9EB-49288D294A73/d/Visual Studio Code.app/Contents/Resources/app/extensions/emmet/dist/extension
[2019-06-30 16:06:17.501] [exthost] [info] ExtensionService#_doActivateExtension vscode.git {"startup":true,"activationEvent":"*"}
[2019-06-30 16:06:17.501] [exthost] [info] ExtensionService#loadCommonJSModule /private/var/folders/k5/5sfx4_wn3vb8v1jlf02n_2p80000gn/T/AppTranslocation/E761D36B-258F-4F05-B9EB-49288D294A73/d/Visual Studio Code.app/Contents/Resources/app/extensions/git/dist/main
[2019-06-30 16:06:17.616] [exthost] [info] ExtensionService#_doActivateExtension vscode.merge-conflict {"startup":true,"activationEvent":"*"}
[2019-06-30 16:06:17.616] [exthost] [info] ExtensionService#loadCommonJSModule /private/var/folders/k5/5sfx4_wn3vb8v1jlf02n_2p80000gn/T/AppTranslocation/E761D36B-258F-4F05-B9EB-49288D294A73/d/Visual Studio Code.app/Contents/Resources/app/extensions/merge-conflict/dist/extension
[2019-06-30 16:06:17.622] [exthost] [info] eager extensions activated
[2019-06-30 16:06:36.529] [exthost] [info] extension host started
[2019-06-30 16:06:36.549] [exthost] [info] ExtensionService#_doActivateExtension vscode.debug-auto-launch {"startup":true,"activationEvent":"*"}
[2019-06-30 16:06:36.549] [exthost] [info] ExtensionService#loadCommonJSModule /private/var/folders/k5/5sfx4_wn3vb8v1jlf02n_2p80000gn/T/AppTranslocation/E761D36B-258F-4F05-B9EB-49288D294A73/d/Visual Studio Code.app/Contents/Resources/app/extensions/debug-auto-launch/dist/extension
[2019-06-30 16:06:36.552] [exthost] [info] ExtensionService#_doActivateExtension vscode.emmet {"startup":true,"activationEvent":"*"}
[2019-06-30 16:06:36.552] [exthost] [info] ExtensionService#loadCommonJSModule /private/var/folders/k5/5sfx4_wn3vb8v1jlf02n_2p80000gn/T/AppTranslocation/E761D36B-258F-4F05-B9EB-49288D294A73/d/Visual Studio Code.app/Contents/Resources/app/extensions/emmet/dist/extension
[2019-06-30 16:06:36.556] [exthost] [info] ExtensionService#_doActivateExtension vscode.git {"startup":true,"activationEvent":"*"}
[2019-06-30 16:06:36.556] [exthost] [info] ExtensionService#loadCommonJSModule /private/var/folders/k5/5sfx4_wn3vb8v1jlf02n_2p80000gn/T/AppTranslocation/E761D36B-258F-4F05-B9EB-49288D294A73/d/Visual Studio Code.app/Contents/Resources/app/extensions/git/dist/main
[2019-06-30 16:06:36.583] [exthost] [info] ExtensionService#_doActivateExtension vscode.merge-conflict {"startup":true,"activationEvent":"*"}
[2019-06-30 16:06:36.583] [exthost] [info] ExtensionService#loadCommonJSModule /private/var/folders/k5/5sfx4_wn3vb8v1jlf02n_2p80000gn/T/AppTranslocation/E761D36B-258F-4F05-B9EB-49288D294A73/d/Visual Studio Code.app/Contents/Resources/app/extensions/merge-conflict/dist/extension
[2019-06-30 16:06:36.586] [exthost] [info] eager extensions activated
[2019-06-30 16:06:37.939] [exthost] [info] ExtensionService#_doActivateExtension vscode.extension-editing {"startup":false,"activationEvent":"onLanguage:typescript"}
[2019-06-30 16:06:37.939] [exthost] [info] ExtensionService#loadCommonJSModule /private/var/folders/k5/5sfx4_wn3vb8v1jlf02n_2p80000gn/T/AppTranslocation/E761D36B-258F-4F05-B9EB-49288D294A73/d/Visual Studio Code.app/Contents/Resources/app/extensions/extension-editing/dist/extension
[2019-06-30 16:06:38.003] [exthost] [info] ExtensionService#_doActivateExtension vscode.typescript-language-features {"startup":false,"activationEvent":"onLanguage:typescript"}
[2019-06-30 16:06:38.003] [exthost] [info] ExtensionService#loadCommonJSModule /private/var/folders/k5/5sfx4_wn3vb8v1jlf02n_2p80000gn/T/AppTranslocation/E761D36B-258F-4F05-B9EB-49288D294A73/d/Visual Studio Code.app/Contents/Resources/app/extensions/typescript-language-features/dist/extension
[2019-06-30 16:06:39.578] [exthost] [info] ExtensionService#_doActivateExtension vscode.configuration-editing {"startup":false,"activationEvent":"onLanguage:jsonc"}
[2019-06-30 16:06:39.578] [exthost] [info] ExtensionService#loadCommonJSModule /private/var/folders/k5/5sfx4_wn3vb8v1jlf02n_2p80000gn/T/AppTranslocation/E761D36B-258F-4F05-B9EB-49288D294A73/d/Visual Studio Code.app/Contents/Resources/app/extensions/configuration-editing/dist/extension
[2019-06-30 16:06:39.586] [exthost] [info] ExtensionService#_doActivateExtension vscode.json-language-features {"startup":false,"activationEvent":"onLanguage:jsonc"}
[2019-06-30 16:06:39.586] [exthost] [info] ExtensionService#loadCommonJSModule /private/var/folders/k5/5sfx4_wn3vb8v1jlf02n_2p80000gn/T/AppTranslocation/E761D36B-258F-4F05-B9EB-49288D294A73/d/Visual Studio Code.app/Contents/Resources/app/extensions/json-language-features/client/dist/jsonMain
[2019-06-30 16:06:51.293] [exthost] [info] ExtensionService#_doActivateExtension vscode.npm {"startup":false,"activationEvent":"onLanguage:json"}
[2019-06-30 16:06:51.294] [exthost] [info] ExtensionService#loadCommonJSModule /private/var/folders/k5/5sfx4_wn3vb8v1jlf02n_2p80000gn/T/AppTranslocation/E761D36B-258F-4F05-B9EB-49288D294A73/d/Visual Studio Code.app/Contents/Resources/app/extensions/npm/dist/main
